0 info it worked if it ends with ok
1 verbose cli [ '/usr/local/bin/node', '/usr/local/bin/npm', 'run', 'offline' ]
2 info using npm@3.10.10
3 info using node@v6.10.0
4 verbose run-script [ 'preoffline', 'offline', 'postoffline' ]
5 info lifecycle reminder@1.0.0~preoffline: reminder@1.0.0
6 silly lifecycle reminder@1.0.0~preoffline: no script for preoffline, continuing
7 info lifecycle reminder@1.0.0~offline: reminder@1.0.0
8 verbose lifecycle reminder@1.0.0~offline: unsafe-perm in lifecycle true
9 verbose lifecycle reminder@1.0.0~offline: PATH: /usr/local/lib/node_modules/npm/bin/node-gyp-bin:/Users/dvluong/Keebin/reminder/node_modules/.bin:/Users/dvluong/.dnx/runtimes/dnx-mono.1.0.0-beta7/bin:/Users/dvluong/.dnx/bin:/Applications/apache-ant-1.9.4/bin:/Applications/android-sdk-macosx/tools:/Applications/android-sdk-macosx/platform-tools:/Applications/android-sdk-macosx:/Applications/android-ndk-r10d:/Users/dvluong/.rvm/gems/ruby-2.2.0/bin:/Users/dvluong/.rvm/gems/ruby-2.2.0@global/bin:/Users/dvluong/.rvm/rubies/ruby-2.2.0/bin:/Applications/cocos2d-x-3.3/templates:/Applications/cocos2d-x-3.3:/Applications/cocos2d-x-3.3/tools/cocos2d-console/bin:/usr/local/bin:/usr/bin:/bin:/usr/sbin:/sbin:/usr/local/git/bin:/Users/dvluong/.rvm/bin
10 verbose lifecycle reminder@1.0.0~offline: CWD: /Users/dvluong/Keebin/reminder
11 silly lifecycle reminder@1.0.0~offline: Args: [ '-c', 'webpack-dev-server' ]
12 silly lifecycle reminder@1.0.0~offline: Returned: code: 1  signal: null
13 info lifecycle reminder@1.0.0~offline: Failed to exec offline script
14 verbose stack Error: reminder@1.0.0 offline: `webpack-dev-server`
14 verbose stack Exit status 1
14 verbose stack     at EventEmitter.<anonymous> (/usr/local/lib/node_modules/npm/lib/utils/lifecycle.js:255:16)
14 verbose stack     at emitTwo (events.js:106:13)
14 verbose stack     at EventEmitter.emit (events.js:191:7)
14 verbose stack     at ChildProcess.<anonymous> (/usr/local/lib/node_modules/npm/lib/utils/spawn.js:40:14)
14 verbose stack     at emitTwo (events.js:106:13)
14 verbose stack     at ChildProcess.emit (events.js:191:7)
14 verbose stack     at maybeClose (internal/child_process.js:877:16)
14 verbose stack     at Process.ChildProcess._handle.onexit (internal/child_process.js:226:5)
15 verbose pkgid reminder@1.0.0
16 verbose cwd /Users/dvluong/Keebin/reminder
17 error Darwin 16.4.0
18 error argv "/usr/local/bin/node" "/usr/local/bin/npm" "run" "offline"
19 error node v6.10.0
20 error npm  v3.10.10
21 error code ELIFECYCLE
22 error reminder@1.0.0 offline: `webpack-dev-server`
22 error Exit status 1
23 error Failed at the reminder@1.0.0 offline script 'webpack-dev-server'.
23 error Make sure you have the latest version of node.js and npm installed.
23 error If you do, this is most likely a problem with the reminder package,
23 error not with npm itself.
23 error Tell the author that this fails on your system:
23 error     webpack-dev-server
23 error You can get information on how to open an issue for this project with:
23 error     npm bugs reminder
23 error Or if that isn't available, you can get their info via:
23 error     npm owner ls reminder
23 error There is likely additional logging output above.
24 verbose exit [ 1, true ]
